Trades (2022+): 2024
Rvol: 566,463
Unique tasks: 4048
Already done: 15
  [150/4048] NUE 2022-04-06 exit (ok=10 nodata=15 skip=124)
  [200/4048] WMT 2022-05-04 exit (ok=43 nodata=32 skip=124)
  [250/4048] DAL 2022-05-23 exit (ok=89 nodata=36 skip=124)
  [300/4048] GILD 2022-06-09 exit (ok=132 nodata=43 skip=124)
  [350/4048] XLE 2022-06-28 exit (ok=176 nodata=49 skip=124)
  [400/4048] MRNA 2022-07-21 exit (ok=223 nodata=52 skip=124)
  [450/4048] SEDG 2022-08-05 exit (ok=268 nodata=57 skip=124)
  [500/4048] BLK 2022-08-29 exit (ok=314 nodata=61 skip=124)
  [550/4048] CLOV 2022-09-15 exit (ok=359 nodata=66 skip=124)
  [600/4048] XLY 2022-10-04 exit (ok=405 nodata=70 skip=124)
  [650/4048] JPM 2022-10-21 exit (ok=448 nodata=77 skip=124)
  [700/4048] SLB 2022-11-09 exit (ok=493 nodata=82 skip=124)
  [750/4048] DAL 2022-11-23 exit (ok=538 nodata=87 skip=124)
  [800/4048] PTON 2022-12-09 exit (ok=582 nodata=93 skip=124)
  [850/4048] V 2022-12-27 exit (ok=629 nodata=96 skip=124)
  [900/4048] SLV 2023-01-20 exit (ok=676 nodata=99 skip=124)
  [950/4048] BEKE 2023-02-07 exit (ok=725 nodata=100 skip=124)
  [1000/4048] TWLO 2023-02-23 exit (ok=774 nodata=101 skip=124)
  [1050/4048] WDAY 2023-03-08 exit (ok=816 nodata=109 skip=124)
  [1100/4048] UPST 2023-03-24 exit (ok=861 nodata=114 skip=124)
  [1150/4048] MSFT 2023-04-17 exit (ok=908 nodata=117 skip=124)
  [1200/4048] LULU 2023-05-05 exit (ok=957 nodata=118 skip=124)
  [1250/4048] MU 2023-05-18 exit (ok=1004 nodata=121 skip=124)
  [1300/4048] CMCSA 2023-06-05 exit (ok=1051 nodata=124 skip=124)
  [1350/4048] ZS 2023-06-23 exit (ok=1096 nodata=129 skip=124)
  [1400/4048] SNOW 2023-07-11 exit (ok=1145 nodata=130 skip=124)
  [1450/4048] ON 2023-08-07 exit (ok=1192 nodata=133 skip=124)
  [1500/4048] LYFT 2023-08-23 exit (ok=1241 nodata=134 skip=124)
  [1550/4048] CLOV 2023-09-06 exit (ok=1287 nodata=138 skip=124)
  [1600/4048] FDX 2023-09-19 exit (ok=1332 nodata=143 skip=124)
  [1650/4048] VEEV 2023-10-10 exit (ok=1379 nodata=146 skip=124)
  [1700/4048] RIVN 2023-11-01 exit (ok=1426 nodata=149 skip=124)
  [1750/4048] GLD 2023-11-22 exit (ok=1472 nodata=153 skip=124)
  [1800/4048] DKNG 2023-12-08 exit (ok=1517 nodata=158 skip=124)
  [1850/4048] RTX 2023-12-28 exit (ok=1564 nodata=161 skip=124)
  [1900/4048] XLU 2024-01-16 exit (ok=1612 nodata=163 skip=124)
  [1950/4048] TMO 2024-02-06 exit (ok=1660 nodata=165 skip=124)
  [2000/4048] ADI 2024-02-22 exit (ok=1704 nodata=171 skip=124)
  [2050/4048] PLUG 2024-03-12 exit (ok=1747 nodata=178 skip=124)
  [2100/4048] OXY 2024-03-27 exit (ok=1792 nodata=183 skip=124)
  [2150/4048] XLE 2024-04-17 exit (ok=1839 nodata=186 skip=124)
  [2200/4048] FCX 2024-04-29 exit (ok=1888 nodata=187 skip=124)
  [2250/4048] WFC 2024-05-17 exit (ok=1933 nodata=192 skip=124)
  [2300/4048] ADI 2024-06-05 exit (ok=1979 nodata=196 skip=124)
  [2350/4048] VRTX 2024-06-28 exit (ok=2025 nodata=200 skip=124)
  [2400/4048] REGN 2024-07-22 exit (ok=2069 nodata=206 skip=124)
  [2450/4048] SPY 2024-08-07 exit (ok=2116 nodata=209 skip=124)
  [2500/4048] LMT 2024-08-23 exit (ok=2161 nodata=214 skip=124)
  [2550/4048] SHOP 2024-09-13 exit (ok=2206 nodata=219 skip=124)
  [2600/4048] T 2024-10-02 exit (ok=2254 nodata=221 skip=124)
  [2650/4048] UAL 2024-10-24 exit (ok=2302 nodata=223 skip=124)
  [2700/4048] XLY 2024-11-12 exit (ok=2347 nodata=228 skip=124)
  [2750/4048] BMY 2024-12-04 exit (ok=2394 nodata=231 skip=124)
  [2800/4048] JOBY 2024-12-19 exit (ok=2441 nodata=234 skip=124)
  [2850/4048] CRM 2025-01-14 exit (ok=2486 nodata=239 skip=124)
  [2900/4048] DDOG 2025-02-06 exit (ok=2535 nodata=240 skip=124)
  [2950/4048] UPS 2025-02-27 exit (ok=2581 nodata=244 skip=124)
  [3000/4048] BABA 2025-03-10 exit (ok=2609 nodata=266 skip=124)
  [3050/4048] DKNG 2025-03-24 exit (ok=2632 nodata=293 skip=124)
  [3100/4048] AMT 2025-04-04 exit (ok=2650 nodata=325 skip=124)
  [3150/4048] VXX 2025-04-30 exit (ok=2674 nodata=351 skip=124)
  [3200/4048] LCID 2025-05-22 exit (ok=2722 nodata=353 skip=124)
  [3250/4048] MPC 2025-06-09 exit (ok=2770 nodata=355 skip=124)
  [3300/4048] TTD 2025-06-20 exit (ok=2816 nodata=359 skip=124)
  [3350/4048] SMH 2025-07-09 exit (ok=2865 nodata=360 skip=124)
  [3400/4048] XOP 2025-07-21 exit (ok=2912 nodata=363 skip=124)
  [3450/4048] PLUG 2025-08-06 exit (ok=2960 nodata=365 skip=124)
  [3500/4048] RIOT 2025-08-22 exit (ok=3009 nodata=366 skip=124)
  [3550/4048] RUN 2025-09-11 exit (ok=3054 nodata=371 skip=124)
  [3600/4048] PSX 2025-10-01 exit (ok=3102 nodata=373 skip=124)
  [3650/4048] QCOM 2025-10-23 exit (ok=3150 nodata=375 skip=124)
  [3700/4048] QS 2025-11-13 exit (ok=3197 nodata=378 skip=124)
  [3750/4048] FDX 2025-12-02 exit (ok=3247 nodata=378 skip=124)
  [3800/4048] ELV 2025-12-23 exit (ok=3294 nodata=381 skip=124)
  [3850/4048] ADBE 2026-01-16 exit (ok=3341 nodata=384 skip=124)
  [3900/4048] AMAT 2026-02-09 exit (ok=3389 nodata=386 skip=124)
  [3950/4048] O 2026-02-23 exit (ok=3435 nodata=390 skip=124)
  [4000/4048] HD 2026-03-12 exit (ok=3477 nodata=398 skip=124)

DONE: ok=3521 nodata=403 skipped=124
Output: /home/ubuntu/daily_data/data/trade_options/options_bars_final.csv
